{"D:\\nodejs\\JestStudy\\book.js": {"path":"D:\\nodejs\\JestStudy\\book.js","statementMap":{"0":{"start":{"line":2,"column":4},"end":{"line":2,"column":34}},"1":{"start":{"line":6,"column":4},"end":{"line":6,"column":39}},"2":{"start":{"line":9,"column":0},"end":{"line":11,"column":1}}},"fnMap":{"0":{"name":"book01","decl":{"start":{"line":1,"column":9},"end":{"line":1,"column":15}},"loc":{"start":{"line":1,"column":22},"end":{"line":3,"column":1}},"line":1},"1":{"name":"book02","decl":{"start":{"line":5,"column":9},"end":{"line":5,"column":15}},"loc":{"start":{"line":5,"column":22},"end":{"line":7,"column":1}},"line":5}},"branchMap":{"0":{"loc":{"start":{"line":2,"column":11},"end":{"line":2,"column":33}},"type":"cond-expr","locations":[{"start":{"line":2,"column":22},"end":{"line":2,"column":27}},{"start":{"line":2,"column":28},"end":{"line":2,"column":33}}],"line":2},"1":{"loc":{"start":{"line":6,"column":11},"end":{"line":6,"column":38}},"type":"cond-expr","locations":[{"start":{"line":6,"column":23},"end":{"line":6,"column":30}},{"start":{"line":6,"column":31},"end":{"line":6,"column":38}}],"line":6}},"s":{"0":1,"1":1,"2":1},"f":{"0":1,"1":1},"b":{"0":[1,0],"1":[1,0]},"_coverageSchema":"43e27e138ebf9cfc5966b082cf9a028302ed4184","hash":"5e1cd32c931afcc465ada27fb2b06bb0f071409e"}
}
